1                                         The SAS System             16:02 Tuesday, April 22, 2025

NOTE: Copyright (c) 2016 by SAS Institute Inc., Cary, NC, USA. 
NOTE: SAS (r) Proprietary Software 9.4 (TS1M7) 
      Licensed to HEALTH INFORMATION SOLUTIONS, Site 70015525.
NOTE: This session is executing on the X64_10PRO  platform.



NOTE: Analytical products:
      
      SAS/STAT 15.2
      SAS/ETS 15.2
      SAS/OR 15.2
      SAS/IML 15.2
      SAS/QC 15.2

NOTE: Additional host information:

 X64_10PRO WIN 10.0.26100  Workstation

NOTE: SAS initialization used:
      real time           0.41 seconds
      cpu time            0.31 seconds
      
1          /* Program is called by NodeJS.  It initializes a batch SAS session and calls the macro
1        !  passed as ToDo in -sysparm */
2          
3          OPTIONS MPRINT;
4          
5          OPTIONS MAUTOSOURCE
5        ! SASAUTOS=("C:\users\67tim\onedrive\nodeTemplateW\sasMacros",sasautos);
6          
7          /* parse sysparm coming from SAS batch mode and convert to macro variables */
8          /* this code comes from SAS support:
8        ! https://www.sas.com/content/dam/SAS/en_ca/User%20Group%20Presentations/TASS/BatchProces
8        ! singSysparm.pdf */
9          %put &sysparm;
ToDo=sasT,secondP=99
10         data _null_;
11         length sysparm express param value $ 200;
12         sysparm = symget('sysparm');
13         do i=1 to 50 until(express = '');
14         express = left(scan(sysparm, i, ',')); /* name=value */
15         param = left(upcase(scan(express, 1, '='))); /* name */
16         value = left(scan(express, 2, '='));
17         valid = not verify(substr(param, 1, 1),'ABCDEFGHIJKLMNOPQRSTUVWXYZ_')
18         and not verify(trim(param),'ABCDEFGHIJKLMNOPQRSTUVWXYZ_0123456789')
19         and length(param) <=32 ; /* Ensure valid V8 macrovar name */
20         if valid then call symput(param, trim(left(value)));
21         end;
22         run;

NOTE: DATA statement used (Total process time):
      real time           0.00 seconds
2                                         The SAS System             16:02 Tuesday, April 22, 2025

      cpu time            0.03 seconds
      

23         %put _user_ ;
GLOBAL SECONDP 99
GLOBAL TODO sasT
24         
25         /* set output file for SAS macros -- eventually needs to be unique for each user */
26         /* Node reads this file and sends output back to the browser */
27         /* If browser retrieves "EMPTY", then SAS Macro did not replace the file and there may
27       ! be an error. */
28         %LET outfile = c:\users\67tim\onedrive\nodeTemplateW\outfile.txt;
29         DATA _NULL_;
30             FILE "&outfile";
31             PUT "EMPTY";
32         RUN;

NOTE: The file "c:\users\67tim\onedrive\nodeTemplateW\outfile.txt" is:
      Filename=c:\users\67tim\onedrive\nodeTemplateW\outfile.txt,
      RECFM=V,LRECL=32767,File Size (bytes)=0,
      Last Modified=22Apr2025:16:02:48,
      Create Time=17Feb2023:12:40:53

NOTE: 1 record was written to the file "c:\users\67tim\onedrive\nodeTemplateW\outfile.txt".
      The minimum record length was 5.
      The maximum record length was 5.
NOTE: DATA statement used (Total process time):
      real time           0.00 seconds
      cpu time            0.00 seconds
      

33         
34         %ToDo;
MPRINT(TODO):   DATA _NULL_;
MPRINT(TODO):   FILE "c:\users\67tim\onedrive\nodeTemplateW\outfile.txt";
MPRINT(TODO):   PUT "Hello World!  This is SAS calling.";
MPRINT(TODO):   RUN;

NOTE: The file "c:\users\67tim\onedrive\nodeTemplateW\outfile.txt" is:
      Filename=c:\users\67tim\onedrive\nodeTemplateW\outfile.txt,
      RECFM=V,LRECL=32767,File Size (bytes)=0,
      Last Modified=22Apr2025:16:02:48,
      Create Time=17Feb2023:12:40:53

NOTE: 1 record was written to the file "c:\users\67tim\onedrive\nodeTemplateW\outfile.txt".
      The minimum record length was 34.
      The maximum record length was 34.
NOTE: DATA statement used (Total process time):
      real time           0.00 seconds
      cpu time            0.00 seconds
      

35         
3                                         The SAS System             16:02 Tuesday, April 22, 2025

36         ODS _ALL_ CLOSE;
NOTE: SAS Institute Inc., SAS Campus Drive, Cary, NC USA 27513-2414
NOTE: The SAS System used:
      real time           0.45 seconds
      cpu time            0.37 seconds
      
